<?xml version="1.0" encoding="UTF-8"?>
<!-- Generated by org.testng.reporters.JUnitReportReporter -->
<testsuite hostname="DESKTOP-FQABRBS" failures="0" tests="7" name="com.datadriven.test.CRMAddContacts" time="119.185" errors="0" timestamp="2020-07-21T16:59:47 EDT" skipped="0">
  <testcase classname="com.datadriven.test.CRMAddContacts" name="Addcontact" time="18.891"/>
  <system-out/>
  <testcase classname="com.datadriven.test.CRMAddContacts" name="Addcontact" time="17.262"/>
  <system-out/>
  <testcase classname="com.datadriven.test.CRMAddContacts" name="Addcontact" time="17.495"/>
  <system-out/>
  <testcase classname="com.datadriven.test.CRMAddContacts" name="Addcontact" time="14.560"/>
  <system-out/>
  <testcase classname="com.datadriven.test.CRMAddContacts" name="Addcontact" time="17.481"/>
  <system-out/>
  <testcase classname="com.datadriven.test.CRMAddContacts" name="Addcontact" time="17.115"/>
  <system-out/>
  <testcase classname="com.datadriven.test.CRMAddContacts" name="Addcontact" time="16.381"/>
  <system-out/>
</testsuite> <!-- com.datadriven.test.CRMAddContacts -->
